This file contains any messages produced by compilers while
running configure, to aid debugging if configure makes a mistake.

It was created by HTS-demo_CMU-ARCTIC-SLT configure 2.2, which was
generated by GNU Autoconf 2.63.  Invocation command line was

  $ /home/zhaoyi/mywork/tts/HTStry/Demo/CMU/cmu7/configure --with-tcl-search-path=/usr/bin/tclsh8.4 --with-fest-search-path=/home/zhaoyi/mywork/tts/HTStry/Source/festival/examples --with-sptk-search-path=/usr/local/SPTK-3.6/bin --with-hts-search-path=/usr/local/HTS-2.2/bin --with-hts-engine-search-path=/usr/local/hts_engine_API-1.07/bin SPEAKER=/home/zhaoyi/mywork/tts/HTStry/Demo/CMU/cmu7 SAMPFREQ=16000 FRAMELEN=400 FRAMESHIFT=80 FFTLEN=256 LOWERF0=50 UPPERF0=400

## --------- ##
## Platform. ##
## --------- ##

hostname = valkyrie03
uname -m = x86_64
uname -r = 3.9.2-gavo1
uname -s = Linux
uname -v = #1 SMP Mon May 13 22:44:31 JST 2013

/usr/bin/uname -p = unknown
/bin/uname -X     = unknown

/bin/arch              = unknown
/usr/bin/arch -k       = unknown
/usr/convex/getsysinfo = unknown
/usr/bin/hostinfo      = unknown
/bin/machine           = unknown
/usr/bin/oslevel       = unknown
/bin/universe          = unknown

PATH: /home/zhaoyi/software/bin
PATH: /home/zhaoyi/software/lib
PATH: /home/zhaoyi/software/include
PATH: /usr/local/bin
PATH: /usr/bin
PATH: /bin
PATH: /usr/local/games
PATH: /usr/games
PATH: /home/zhaoyi/software
PATH: /Library/Frameworks/Python.framework/Versions/3.4/bin
PATH: /usr/local/bin
PATH: /usr/bin
PATH: /bin
PATH: /usr/sbin
PATH: /sbin
PATH: /opt/X11/bin
PATH: /usr/texbin


## ----------- ##
## Core tests. ##
## ----------- ##

configure:1959: checking for gawk
configure:1975: found /usr/bin/gawk
configure:1986: result: gawk
configure:2003: checking for perl
configure:2022: found /usr/bin/perl
configure:2035: result: /usr/bin/perl
configure:2062: checking for tclsh
configure:2081: found /usr/bin/tclsh
configure:2094: result: /usr/bin/tclsh
configure:2111: error: /usr/bin/tclsh doesn't support snack

## ---------------- ##
## Cache variables. ##
## ---------------- ##

ac_cv_env_CDGV_set=
ac_cv_env_CDGV_value=
ac_cv_env_DAEMALPHA_set=
ac_cv_env_DAEMALPHA_value=
ac_cv_env_DAEMNITER_set=
ac_cv_env_DAEMNITER_value=
ac_cv_env_DAEM_set=
ac_cv_env_DAEM_value=
ac_cv_env_DATASET_set=
ac_cv_env_DATASET_value=
ac_cv_env_EMEPSILON_set=
ac_cv_env_EMEPSILON_value=
ac_cv_env_FFTLEN_set=set
ac_cv_env_FFTLEN_value=256
ac_cv_env_FRAMELEN_set=set
ac_cv_env_FRAMELEN_value=400
ac_cv_env_FRAMESHIFT_set=set
ac_cv_env_FRAMESHIFT_value=80
ac_cv_env_FREQWARP_set=
ac_cv_env_FREQWARP_value=
ac_cv_env_GAMMA_set=
ac_cv_env_GAMMA_value=
ac_cv_env_GVEPSILON_set=
ac_cv_env_GVEPSILON_value=
ac_cv_env_GVWEIGHT_set=
ac_cv_env_GVWEIGHT_value=
ac_cv_env_HMMWEIGHT_set=
ac_cv_env_HMMWEIGHT_value=
ac_cv_env_IMPLEN_set=
ac_cv_env_IMPLEN_value=
ac_cv_env_LF0BANDWIDTH_set=
ac_cv_env_LF0BANDWIDTH_value=
ac_cv_env_LNGAIN_set=
ac_cv_env_LNGAIN_value=
ac_cv_env_LOWERF0_set=set
ac_cv_env_LOWERF0_value=50
ac_cv_env_MAXDEV_set=
ac_cv_env_MAXDEV_value=
ac_cv_env_MAXEMITER_set=
ac_cv_env_MAXEMITER_value=
ac_cv_env_MAXGVITER_set=
ac_cv_env_MAXGVITER_value=
ac_cv_env_MGCBANDWIDTH_set=
ac_cv_env_MGCBANDWIDTH_value=
ac_cv_env_MGCORDER_set=
ac_cv_env_MGCORDER_value=
ac_cv_env_MINDUR_set=
ac_cv_env_MINDUR_value=
ac_cv_env_MINEUCNORM_set=
ac_cv_env_MINEUCNORM_value=
ac_cv_env_NITER_set=
ac_cv_env_NITER_value=
ac_cv_env_NLF0TRANSBLK_set=
ac_cv_env_NLF0TRANSBLK_value=
ac_cv_env_NLF0WIN_set=
ac_cv_env_NLF0WIN_value=
ac_cv_env_NMGCTRANSBLK_set=
ac_cv_env_NMGCTRANSBLK_value=
ac_cv_env_NMGCWIN_set=
ac_cv_env_NMGCWIN_value=
ac_cv_env_NOISEMASK_set=
ac_cv_env_NOISEMASK_value=
ac_cv_env_NORMALIZE_set=
ac_cv_env_NORMALIZE_value=
ac_cv_env_NOSILGV_set=
ac_cv_env_NOSILGV_value=
ac_cv_env_NSTATE_set=
ac_cv_env_NSTATE_value=
ac_cv_env_OPTKIND_set=
ac_cv_env_OPTKIND_value=
ac_cv_env_PSTFILTER_set=
ac_cv_env_PSTFILTER_value=
ac_cv_env_QNUM_set=
ac_cv_env_QNUM_value=
ac_cv_env_SAMPFREQ_set=set
ac_cv_env_SAMPFREQ_value=16000
ac_cv_env_SPEAKER_set=set
ac_cv_env_SPEAKER_value=/home/zhaoyi/mywork/tts/HTStry/Demo/CMU/cmu7
ac_cv_env_STEPDEC_set=
ac_cv_env_STEPDEC_value=
ac_cv_env_STEPINC_set=
ac_cv_env_STEPINC_value=
ac_cv_env_STEPINIT_set=
ac_cv_env_STEPINIT_value=
ac_cv_env_UPPERF0_set=set
ac_cv_env_UPPERF0_value=400
ac_cv_env_USEGV_set=
ac_cv_env_USEGV_value=
ac_cv_env_VER_set=
ac_cv_env_VER_value=
ac_cv_env_WFLOOR_set=
ac_cv_env_WFLOOR_value=
ac_cv_env_WINDOWTYPE_set=
ac_cv_env_WINDOWTYPE_value=
ac_cv_env_build_alias_set=
ac_cv_env_build_alias_value=
ac_cv_env_host_alias_set=
ac_cv_env_host_alias_value=
ac_cv_env_target_alias_set=
ac_cv_env_target_alias_value=
ac_cv_path_PERL=/usr/bin/perl
ac_cv_path_TCLSH=/usr/bin/tclsh
ac_cv_prog_AWK=gawk

## ----------------- ##
## Output variables. ##
## ----------------- ##

AWK='gawk'
B2MC=''
BC=''
BCP=''
BCUT=''
C2ACR=''
CDGV=''
DAEM=''
DAEMALPHA=''
DAEMNITER=''
DATASET=''
DEFS=''
DFS=''
DUMPFEATS=''
ECHO_C=''
ECHO_N='-n'
ECHO_T=''
EMEPSILON=''
ENGINE=''
EXCITE=''
F0STREN=''
FFTLEN='256'
FRAME=''
FRAMELEN='400'
FRAMESHIFT='80'
FREQT=''
FREQWARP=''
GAMMA=''
GVEPSILON=''
GVWEIGHT=''
HCOMPV=''
HEREST=''
HHED=''
HINIT=''
HLIST=''
HMGENS=''
HMMWEIGHT=''
HREST=''
HSMMALIGN=''
IMPLEN=''
LF0BANDWIDTH=''
LIBOBJS=''
LIBS=''
LNGAIN=''
LOWERF0='50'
LPC2LSP=''
LSP2LPC=''
LSPCHECK=''
LTLIBOBJS=''
MAXDEV=''
MAXEMITER=''
MAXGVITER=''
MC2B=''
MERGE=''
MGC2MGC=''
MGCBANDWIDTH=''
MGCEP=''
MGCORDER=''
MGCVSIZE=''
MGLSADF=''
MINDUR=''
MINEUCNORM=''
MINMAX=''
NAN=''
NITER=''
NLF0TRANSBLK=''
NLF0WIN=''
NMGCTRANSBLK=''
NMGCWIN=''
NOISEMASK=''
NORMALIZE=''
NOSILGV=''
NRAND=''
NSTATE=''
OPTKIND=''
PACKAGE_BUGREPORT='hts-users@sp.nitech.ac.jp'
PACKAGE_NAME='HTS-demo_CMU-ARCTIC-SLT'
PACKAGE_STRING='HTS-demo_CMU-ARCTIC-SLT 2.2'
PACKAGE_TARNAME='hts-demo_cmu-arctic-slt'
PACKAGE_VERSION='2.2'
PATH_SEPARATOR=':'
PERL='/usr/bin/perl'
PSTFILTER=''
PWD='/home/zhaoyi/mywork/tts/DeepLearning'
QNUM=''
SAMPFREQ='16000'
SHELL='/bin/sh'
SOPR=''
SOX=''
SOXOPTION=''
SPEAKER='/home/zhaoyi/mywork/tts/HTStry/Demo/CMU/cmu7'
STEP=''
STEPDEC=''
STEPINC=''
STEPINIT=''
SWAB=''
TCLSH='/usr/bin/tclsh'
TEE=''
UPPERF0='400'
USEGV=''
VER=''
VOPR=''
VSTAT=''
WC=''
WFLOOR=''
WINDOW=''
WINDOWTYPE=''
X2X=''
bindir='${exec_prefix}/bin'
build_alias=''
datadir='${datarootdir}'
datarootdir='${prefix}/share'
docdir='${datarootdir}/doc/${PACKAGE_TARNAME}'
dvidir='${docdir}'
exec_prefix='NONE'
host_alias=''
htmldir='${docdir}'
includedir='${prefix}/include'
infodir='${datarootdir}/info'
libdir='${exec_prefix}/lib'
libexecdir='${exec_prefix}/libexec'
localedir='${datarootdir}/locale'
localstatedir='${prefix}/var'
mandir='${datarootdir}/man'
oldincludedir='/usr/include'
pdfdir='${docdir}'
prefix='NONE'
program_transform_name='s,x,x,'
psdir='${docdir}'
sbindir='${exec_prefix}/sbin'
sharedstatedir='${prefix}/com'
sysconfdir='${prefix}/etc'
target_alias=''

## ----------- ##
## confdefs.h. ##
## ----------- ##

#define PACKAGE_NAME "HTS-demo_CMU-ARCTIC-SLT"
#define PACKAGE_TARNAME "hts-demo_cmu-arctic-slt"
#define PACKAGE_VERSION "2.2"
#define PACKAGE_STRING "HTS-demo_CMU-ARCTIC-SLT 2.2"
#define PACKAGE_BUGREPORT "hts-users@sp.nitech.ac.jp"

configure: exit 1
